{"level":"info","message":"Connected to MongoDB Atlas","timestamp":"2025-03-22T06:20:27.899Z"}
{"level":"info","message":"Server running on port 3001","timestamp":"2025-03-22T06:20:28.411Z"}
{"level":"info","message":"Received SIGINT. Shutting down gracefully...","timestamp":"2025-03-22T06:28:13.134Z"}
{"level":"info","message":"Connected to MongoDB Atlas","timestamp":"2025-03-22T06:45:57.082Z"}
{"level":"info","message":"Server running on port 3001","timestamp":"2025-03-22T06:45:57.681Z"}
{"level":"info","message":"Connected to MongoDB Atlas","timestamp":"2025-03-24T03:52:39.135Z"}
{"level":"info","message":"Server running on port 3000","timestamp":"2025-03-24T03:52:39.616Z"}
{"level":"info","message":"User venky logged in successfully","timestamp":"2025-03-24T03:55:05.697Z"}
{"level":"info","message":"User venky logged in successfully","timestamp":"2025-03-24T03:56:11.926Z"}
{"level":"info","message":"Application submitted by venky","timestamp":"2025-03-24T03:56:36.721Z"}
{"level":"info","message":"User sai logged in successfully","timestamp":"2025-03-24T03:56:50.325Z"}
{"level":"info","message":"User rao logged in successfully","timestamp":"2025-03-24T03:56:58.291Z"}
{"level":"info","message":"Connected to MongoDB Atlas","timestamp":"2025-06-18T14:33:12.437Z"}
{"level":"info","message":"Server running on port 3001","timestamp":"2025-06-18T14:33:13.639Z"}
{"level":"info","message":"Received SIGINT. Shutting down gracefully...","timestamp":"2025-06-18T14:34:13.240Z"}
{"level":"info","message":"Connected to MongoDB Atlas","timestamp":"2025-06-18T14:34:17.586Z"}
{"level":"info","message":"Server running on port 3001","timestamp":"2025-06-18T14:34:18.305Z"}
{"level":"info","message":"Connected to MongoDB Atlas","timestamp":"2025-06-19T17:05:54.507Z"}
{"level":"info","message":"Server running on port 3000","timestamp":"2025-06-19T17:05:55.135Z"}
{"level":"warn","message":"Registration failed: Username venky already exists","timestamp":"2025-06-19T17:09:32.539Z"}
{"level":"info","message":"User venkat registered successfully as Admin","timestamp":"2025-06-19T17:09:45.519Z"}
{"level":"info","message":"User venkat logged in successfully","timestamp":"2025-06-19T17:09:54.955Z"}
{"level":"info","message":"User sai logged in successfully","timestamp":"2025-06-19T17:10:51.042Z"}
{"level":"info","message":"User venky logged in successfully","timestamp":"2025-06-19T17:11:02.042Z"}
{"level":"info","message":"User rao logged in successfully","timestamp":"2025-06-19T17:14:53.947Z"}
{"level":"error","message":"Error initializing data:","timestamp":"2025-06-20T07:40:39.965Z"}
{"level":"info","message":"Server running on port 3000","timestamp":"2025-06-20T07:40:39.993Z"}
{"level":"info","message":"Connected to MongoDB Atlas","timestamp":"2025-06-20T07:40:44.584Z"}
{"level":"info","message":"User venky logged in successfully","timestamp":"2025-06-20T07:44:37.569Z"}
{"level":"info","message":"User sai logged in successfully","timestamp":"2025-06-20T07:48:12.279Z"}
{"level":"info","message":"Connected to MongoDB Atlas","timestamp":"2025-06-22T13:49:25.560Z"}
{"level":"info","message":"Server running on port 3000","timestamp":"2025-06-22T13:49:27.819Z"}
{"level":"info","message":"Connected to MongoDB Atlas","timestamp":"2025-06-22T13:53:31.409Z"}
{"level":"info","message":"Server running on port 3000","timestamp":"2025-06-22T13:53:32.322Z"}
{"level":"info","message":"User venky logged in successfully","timestamp":"2025-06-22T14:01:15.747Z"}
{"level":"warn","message":"Login failed: Invalid credentials for username venkat ","timestamp":"2025-06-22T14:09:10.749Z"}
{"level":"warn","message":"Login failed: Invalid password for username venkat","timestamp":"2025-06-22T14:09:14.632Z"}
{"level":"info","message":"User venkat logged in successfully","timestamp":"2025-06-22T14:09:19.276Z"}
{"level":"info","message":"User sai logged in successfully","timestamp":"2025-06-22T14:09:26.811Z"}
{"level":"info","message":"User rao logged in successfully","timestamp":"2025-06-22T14:09:34.234Z"}
{"level":"info","message":"Connected to MongoDB Atlas","timestamp":"2025-06-30T20:20:01.855Z"}
{"level":"info","message":"Server running on port 3000","timestamp":"2025-06-30T20:20:04.363Z"}
{"level":"warn","message":"Registration failed: Username venky already exists","timestamp":"2025-06-30T20:20:40.690Z"}
{"level":"info","message":"Received SIGINT. Shutting down gracefully...","timestamp":"2025-06-30T20:21:28.148Z"}
{"level":"info","message":"Connected to MongoDB Atlas","timestamp":"2025-06-30T20:21:32.753Z"}
{"level":"info","message":"Server running on port 3000","timestamp":"2025-06-30T20:21:33.659Z"}
{"level":"info","message":"User venky logged in successfully","timestamp":"2025-06-30T20:22:23.427Z"}
{"level":"error","message":"Error initializing data:","timestamp":"2025-07-11T06:14:30.507Z"}
{"level":"info","message":"Server running on port 3000","timestamp":"2025-07-11T06:14:30.544Z"}
{"code":"ETIMEOUT","hostname":"_mongodb._tcp.cluster0.cwivpr4.mongodb.net","level":"error","message":"MongoDB Atlas connection error: querySrv ETIMEOUT _mongodb._tcp.cluster0.cwivpr4.mongodb.net","stack":"Error: querySrv ETIMEOUT _mongodb._tcp.cluster0.cwivpr4.mongodb.net\n    at QueryReqWrap.onresolve [as oncomplete] (node:internal/dns/promises:293:17)","syscall":"querySrv","timestamp":"2025-07-11T06:15:13.075Z"}
{"level":"info","message":"Connected to MongoDB Atlas","timestamp":"2025-07-11T06:28:08.832Z"}
{"level":"info","message":"Server running on port 3000","timestamp":"2025-07-11T06:28:13.089Z"}
{"level":"info","message":"User venky logged in successfully","timestamp":"2025-07-11T06:30:00.561Z"}
{"level":"info","message":"User sai logged in successfully","timestamp":"2025-07-11T06:30:20.995Z"}
{"level":"info","message":"User rao logged in successfully","timestamp":"2025-07-11T06:30:36.679Z"}
{"level":"info","message":"Connected to MongoDB Atlas","timestamp":"2025-07-11T11:05:47.867Z"}
{"level":"info","message":"Server running on port 3002","timestamp":"2025-07-11T11:05:48.376Z"}
{"level":"info","message":"Received SIGINT. Shutting down gracefully...","timestamp":"2025-07-11T11:07:39.194Z"}
{"level":"info","message":"Connected to MongoDB Atlas","timestamp":"2025-07-11T11:07:42.729Z"}
{"level":"info","message":"Server running on port 3002","timestamp":"2025-07-11T11:07:43.374Z"}
{"level":"info","message":"Server closed","timestamp":"2025-07-11T11:08:08.593Z"}
{"level":"info","message":"Connected to MongoDB Atlas","timestamp":"2025-07-15T06:50:10.785Z"}
{"level":"info","message":"Server running on port 3000","timestamp":"2025-07-15T06:50:12.255Z"}
{"level":"info","message":"User sai logged in successfully","timestamp":"2025-07-15T06:50:26.693Z"}
{"level":"info","message":"User sai logged in successfully","timestamp":"2025-07-15T06:50:39.579Z"}
{"level":"info","message":"User venky logged in successfully","timestamp":"2025-07-15T06:51:14.563Z"}
{"level":"info","message":"Resume analyzed by venky","timestamp":"2025-07-15T06:53:38.580Z"}
{"level":"info","message":"User rao logged in successfully","timestamp":"2025-07-15T06:54:05.889Z"}
{"level":"warn","message":"Login failed: Invalid credentials for username cppvvgb","timestamp":"2025-07-15T06:59:16.967Z"}
{"level":"warn","message":"Login failed: Invalid credentials for username fpmpod","timestamp":"2025-07-15T06:59:39.974Z"}
{"level":"info","message":"Connected to MongoDB Atlas","timestamp":"2025-07-18T08:05:20.312Z"}
{"level":"info","message":"Server running on port 3000","timestamp":"2025-07-18T08:05:21.805Z"}
{"level":"warn","message":"Registration failed: Username venky already exists","timestamp":"2025-07-18T08:38:48.793Z"}
{"level":"warn","message":"Registration failed: Username venky already exists","timestamp":"2025-07-18T08:38:54.653Z"}
{"level":"warn","message":"Registration failed: Username venky already exists","timestamp":"2025-07-18T08:39:01.659Z"}
{"level":"info","message":"User venky123 registered successfully as Recruiter","timestamp":"2025-07-18T08:39:07.793Z"}
{"level":"error","message":"Error initializing data:","timestamp":"2025-07-24T20:09:23.902Z"}
{"level":"info","message":"Server running on port 3000","timestamp":"2025-07-24T20:09:23.926Z"}
{"level":"info","message":"Connected to MongoDB Atlas","timestamp":"2025-07-24T20:09:27.967Z"}
{"level":"info","message":"User rao logged in successfully","timestamp":"2025-07-24T20:10:17.514Z"}
{"level":"info","message":"Connected to MongoDB Atlas","timestamp":"2025-07-25T04:36:40.857Z"}
{"level":"info","message":"Server running on port 3000","timestamp":"2025-07-25T04:36:42.754Z"}
{"level":"info","message":"User venky logged in successfully","timestamp":"2025-07-25T04:47:41.876Z"}
{"level":"info","message":"Connected to MongoDB Atlas","timestamp":"2025-07-31T05:19:49.001Z"}
{"level":"info","message":"Server running on port 3000","timestamp":"2025-07-31T05:19:49.703Z"}
{"level":"info","message":"Received SIGINT. Shutting down gracefully...","timestamp":"2025-07-31T05:20:49.219Z"}
{"level":"info","message":"Server closed","timestamp":"2025-07-31T05:21:54.858Z"}
{"level":"info","message":"Connected to MongoDB Atlas","timestamp":"2025-07-31T05:24:29.013Z"}
{"level":"info","message":"Server running on port 3000","timestamp":"2025-07-31T05:24:29.667Z"}
{"level":"info","message":"Received SIGINT. Shutting down gracefully...","timestamp":"2025-07-31T05:57:26.386Z"}
{"level":"info","message":"Connected to MongoDB Atlas","timestamp":"2025-07-31T05:57:35.574Z"}
{"level":"info","message":"Server running on port 3000","timestamp":"2025-07-31T05:57:36.367Z"}
{"level":"info","message":"User rao logged in successfully","timestamp":"2025-07-31T06:03:40.022Z"}
{"level":"info","message":"User venky logged in successfully","timestamp":"2025-07-31T06:03:54.629Z"}
{"level":"info","message":"Application submitted by venky","timestamp":"2025-07-31T06:05:49.496Z"}
{"level":"info","message":"Resume analyzed by venky","timestamp":"2025-07-31T06:06:15.558Z"}
{"level":"info","message":"Resume analyzed by venky","timestamp":"2025-07-31T06:06:54.353Z"}
{"level":"info","message":"Resume analyzed by venky","timestamp":"2025-07-31T06:06:56.497Z"}
{"level":"info","message":"Resume analyzed by venky","timestamp":"2025-07-31T06:06:57.310Z"}
{"level":"info","message":"Resume analyzed by venky","timestamp":"2025-07-31T06:06:57.514Z"}
{"level":"info","message":"Resume analyzed by venky","timestamp":"2025-07-31T06:07:01.918Z"}
{"level":"info","message":"Resume analyzed by venky","timestamp":"2025-07-31T06:07:30.416Z"}
{"level":"info","message":"Resume analyzed by venky","timestamp":"2025-07-31T06:07:32.502Z"}
{"level":"info","message":"User rao logged in successfully","timestamp":"2025-07-31T06:11:16.542Z"}
{"level":"info","message":"Job SDE Intern posted by rao","timestamp":"2025-07-31T06:15:20.627Z"}
{"level":"info","message":"Job SDE Intern posted by rao","timestamp":"2025-07-31T06:15:46.699Z"}
{"level":"info","message":"User sai logged in successfully","timestamp":"2025-07-31T06:16:20.619Z"}
{"level":"info","message":"User sai logged in successfully","timestamp":"2025-07-31T08:08:22.284Z"}
{"level":"info","message":"User venky logged in successfully","timestamp":"2025-07-31T08:08:29.652Z"}
{"level":"info","message":"Received SIGINT. Shutting down gracefully...","timestamp":"2025-07-31T08:22:16.484Z"}
{"level":"info","message":"Connected to MongoDB Atlas","timestamp":"2025-07-31T08:22:21.380Z"}
{"level":"info","message":"Server running on port 3000","timestamp":"2025-07-31T08:22:21.960Z"}
{"level":"info","message":"User venky logged in successfully","timestamp":"2025-07-31T08:22:32.951Z"}
{"level":"info","message":"Received SIGINT. Shutting down gracefully...","timestamp":"2025-07-31T09:31:47.721Z"}
{"level":"info","message":"Connected to MongoDB Atlas","timestamp":"2025-07-31T09:34:10.583Z"}
{"level":"info","message":"Server running on port 3000","timestamp":"2025-07-31T09:34:11.148Z"}
{"level":"info","message":"Received SIGINT. Shutting down gracefully...","timestamp":"2025-07-31T09:39:45.889Z"}
{"level":"info","message":"Connected to MongoDB Atlas","timestamp":"2025-07-31T09:51:41.410Z"}
{"level":"info","message":"Server running on port 3001","timestamp":"2025-07-31T09:51:42.101Z"}
{"level":"warn","message":"No or invalid Authorization header provided","timestamp":"2025-07-31T09:55:40.510Z"}
{"level":"info","message":"Received SIGINT. Shutting down gracefully...","timestamp":"2025-07-31T09:57:56.099Z"}
{"level":"info","message":"Connected to MongoDB Atlas","timestamp":"2025-07-31T09:58:00.035Z"}
{"level":"info","message":"Server running on port 3001","timestamp":"2025-07-31T09:58:00.664Z"}
{"level":"info","message":"Received SIGINT. Shutting down gracefully...","timestamp":"2025-07-31T10:01:46.528Z"}
{"level":"info","message":"Connected to MongoDB Atlas","timestamp":"2025-07-31T10:07:00.072Z"}
{"level":"info","message":"Server running on port 3000","timestamp":"2025-07-31T10:07:00.680Z"}
{"level":"info","message":"Received SIGINT. Shutting down gracefully...","timestamp":"2025-07-31T10:07:44.322Z"}
{"level":"info","message":"Connected to MongoDB Atlas","timestamp":"2025-07-31T10:07:47.807Z"}
{"level":"info","message":"Server running on port 3000","timestamp":"2025-07-31T10:07:48.488Z"}
{"level":"info","message":"Server closed","timestamp":"2025-07-31T10:08:00.156Z"}
{"level":"info","message":"Received SIGINT. Shutting down gracefully...","timestamp":"2025-07-31T10:11:31.992Z"}
{"level":"info","message":"Connected to MongoDB Atlas","timestamp":"2025-07-31T10:11:35.803Z"}
{"level":"info","message":"Server running on port 3000","timestamp":"2025-07-31T10:11:36.403Z"}
{"level":"info","message":"User venky logged in successfully","timestamp":"2025-07-31T10:11:54.915Z"}
{"level":"info","message":"Received SIGINT. Shutting down gracefully...","timestamp":"2025-07-31T12:20:23.000Z"}
{"level":"info","message":"Server closed","timestamp":"2025-07-31T12:20:23.005Z"}
{"level":"info","message":"MongoDB connection closed","timestamp":"2025-07-31T12:20:23.651Z"}
{"level":"info","message":"Connected to MongoDB Atlas","timestamp":"2025-07-31T12:21:14.565Z"}
{"level":"info","message":"Server running on port 3000","timestamp":"2025-07-31T12:21:15.193Z"}
{"level":"error","message":"Error initializing data:","timestamp":"2025-08-01T06:27:44.252Z"}
{"level":"info","message":"Server running on port 3000","timestamp":"2025-08-01T06:27:44.294Z"}
{"code":"ETIMEOUT","hostname":"_mongodb._tcp.cluster0.cwivpr4.mongodb.net","level":"error","message":"MongoDB Atlas connection error: querySrv ETIMEOUT _mongodb._tcp.cluster0.cwivpr4.mongodb.net","stack":"Error: querySrv ETIMEOUT _mongodb._tcp.cluster0.cwivpr4.mongodb.net\n    at QueryReqWrap.onresolve [as oncomplete] (node:internal/dns/promises:293:17)","syscall":"querySrv","timestamp":"2025-08-01T06:28:18.615Z"}
{"level":"error","message":"Error initializing data:","timestamp":"2025-08-01T06:30:00.374Z"}
{"level":"info","message":"Server running on port 3000","timestamp":"2025-08-01T06:30:00.417Z"}
{"level":"error","message":"Error in /api/login:","timestamp":"2025-08-01T06:30:56.694Z"}
{"errorLabelSet":{},"level":"error","message":"MongoDB Atlas connection error: Could not connect to any servers in your MongoDB Atlas cluster. One common reason is that you're trying to access the database from an IP that isn't whitelisted. Make sure your current IP address is on your Atlas cluster's IP whitelist: https://www.mongodb.com/docs/atlas/security-whitelist/","reason":{"commonWireVersion":0,"compatible":true,"heartbeatFrequencyMS":10000,"localThresholdMS":15,"logicalSessionTimeoutMinutes":null,"maxElectionId":null,"maxSetVersion":null,"servers":{"ac-qmcv4ba-shard-00-00.cwivpr4.mongodb.net:27017":{"$clusterTime":null,"address":"ac-qmcv4ba-shard-00-00.cwivpr4.mongodb.net:27017","arbiters":[],"electionId":null,"error":{"beforeHandshake":false,"errorLabelSet":{}},"hosts":[],"iscryptd":false,"lastUpdateTime":315841,"lastWriteDate":0,"logicalSessionTimeoutMinutes":null,"maxBsonObjectSize":null,"maxMessageSizeBytes":null,"maxWireVersion":0,"maxWriteBatchSize":null,"me":null,"minRoundTripTime":0,"minWireVersion":0,"passives":[],"primary":null,"roundTripTime":-1,"setName":null,"setVersion":null,"tags":{},"topologyVersion":null,"type":"Unknown"},"ac-qmcv4ba-shard-00-01.cwivpr4.mongodb.net:27017":{"$clusterTime":null,"address":"ac-qmcv4ba-shard-00-01.cwivpr4.mongodb.net:27017","arbiters":[],"electionId":null,"error":{"beforeHandshake":false,"errorLabelSet":{}},"hosts":[],"iscryptd":false,"lastUpdateTime":316378,"lastWriteDate":0,"logicalSessionTimeoutMinutes":null,"maxBsonObjectSize":null,"maxMessageSizeBytes":null,"maxWireVersion":0,"maxWriteBatchSize":null,"me":null,"minRoundTripTime":0,"minWireVersion":0,"passives":[],"primary":null,"roundTripTime":-1,"setName":null,"setVersion":null,"tags":{},"topologyVersion":null,"type":"Unknown"},"ac-qmcv4ba-shard-00-02.cwivpr4.mongodb.net:27017":{"$clusterTime":null,"address":"ac-qmcv4ba-shard-00-02.cwivpr4.mongodb.net:27017","arbiters":[],"electionId":null,"error":{"beforeHandshake":false,"errorLabelSet":{}},"hosts":[],"iscryptd":false,"lastUpdateTime":303801,"lastWriteDate":0,"logicalSessionTimeoutMinutes":null,"maxBsonObjectSize":null,"maxMessageSizeBytes":null,"maxWireVersion":0,"maxWriteBatchSize":null,"me":null,"minRoundTripTime":0,"minWireVersion":0,"passives":[],"primary":null,"roundTripTime":-1,"setName":null,"setVersion":null,"tags":{},"topologyVersion":null,"type":"Unknown"}},"setName":"atlas-3v3vm6-shard-0","stale":false,"type":"ReplicaSetNoPrimary"},"stack":"MongooseServerSelectionError: Could not connect to any servers in your MongoDB Atlas cluster. One common reason is that you're trying to access the database from an IP that isn't whitelisted. Make sure your current IP address is on your Atlas cluster's IP whitelist: https://www.mongodb.com/docs/atlas/security-whitelist/\n    at _handleConnectionErrors (C:\\Users\\saipi\\OneDrive\\Desktop\\Projects\\Acharya\\one\\node_modules\\mongoose\\lib\\connection.js:1165:11)\n    at NativeConnection.openUri (C:\\Users\\saipi\\OneDrive\\Desktop\\Projects\\Acharya\\one\\node_modules\\mongoose\\lib\\connection.js:1096:11)","timestamp":"2025-08-01T06:30:56.996Z"}
{"level":"error","message":"Error initializing data:","timestamp":"2025-08-01T06:31:49.224Z"}
{"level":"info","message":"Server running on port 3000","timestamp":"2025-08-01T06:31:49.260Z"}
{"level":"error","message":"Error in /api/login:","timestamp":"2025-08-01T06:32:11.980Z"}
{"level":"error","message":"Error in /api/login:","timestamp":"2025-08-01T06:32:12.733Z"}
{"level":"error","message":"Error in /api/login:","timestamp":"2025-08-01T06:32:12.892Z"}
{"level":"error","message":"Error in /api/login:","timestamp":"2025-08-01T06:32:13.061Z"}
{"level":"error","message":"Error in /api/login:","timestamp":"2025-08-01T06:32:14.436Z"}
{"errorLabelSet":{},"level":"error","message":"MongoDB Atlas connection error: Could not connect to any servers in your MongoDB Atlas cluster. One common reason is that you're trying to access the database from an IP that isn't whitelisted. Make sure your current IP address is on your Atlas cluster's IP whitelist: https://www.mongodb.com/docs/atlas/security-whitelist/","reason":{"commonWireVersion":0,"compatible":true,"heartbeatFrequencyMS":10000,"localThresholdMS":15,"logicalSessionTimeoutMinutes":null,"maxElectionId":null,"maxSetVersion":null,"servers":{"ac-qmcv4ba-shard-00-00.cwivpr4.mongodb.net:27017":{"$clusterTime":null,"address":"ac-qmcv4ba-shard-00-00.cwivpr4.mongodb.net:27017","arbiters":[],"electionId":null,"error":{"beforeHandshake":false,"errorLabelSet":{}},"hosts":[],"iscryptd":false,"lastUpdateTime":401825,"lastWriteDate":0,"logicalSessionTimeoutMinutes":null,"maxBsonObjectSize":null,"maxMessageSizeBytes":null,"maxWireVersion":0,"maxWriteBatchSize":null,"me":null,"minRoundTripTime":0,"minWireVersion":0,"passives":[],"primary":null,"roundTripTime":-1,"setName":null,"setVersion":null,"tags":{},"topologyVersion":null,"type":"Unknown"},"ac-qmcv4ba-shard-00-01.cwivpr4.mongodb.net:27017":{"$clusterTime":null,"address":"ac-qmcv4ba-shard-00-01.cwivpr4.mongodb.net:27017","arbiters":[],"electionId":null,"error":{"beforeHandshake":false,"errorLabelSet":{}},"hosts":[],"iscryptd":false,"lastUpdateTime":401232,"lastWriteDate":0,"logicalSessionTimeoutMinutes":null,"maxBsonObjectSize":null,"maxMessageSizeBytes":null,"maxWireVersion":0,"maxWriteBatchSize":null,"me":null,"minRoundTripTime":0,"minWireVersion":0,"passives":[],"primary":null,"roundTripTime":-1,"setName":null,"setVersion":null,"tags":{},"topologyVersion":null,"type":"Unknown"},"ac-qmcv4ba-shard-00-02.cwivpr4.mongodb.net:27017":{"$clusterTime":null,"address":"ac-qmcv4ba-shard-00-02.cwivpr4.mongodb.net:27017","arbiters":[],"electionId":null,"error":{"beforeHandshake":false,"errorLabelSet":{}},"hosts":[],"iscryptd":false,"lastUpdateTime":401828,"lastWriteDate":0,"logicalSessionTimeoutMinutes":null,"maxBsonObjectSize":null,"maxMessageSizeBytes":null,"maxWireVersion":0,"maxWriteBatchSize":null,"me":null,"minRoundTripTime":0,"minWireVersion":0,"passives":[],"primary":null,"roundTripTime":-1,"setName":null,"setVersion":null,"tags":{},"topologyVersion":null,"type":"Unknown"}},"setName":"atlas-3v3vm6-shard-0","stale":false,"type":"ReplicaSetNoPrimary"},"stack":"MongooseServerSelectionError: Could not connect to any servers in your MongoDB Atlas cluster. One common reason is that you're trying to access the database from an IP that isn't whitelisted. Make sure your current IP address is on your Atlas cluster's IP whitelist: https://www.mongodb.com/docs/atlas/security-whitelist/\n    at _handleConnectionErrors (C:\\Users\\saipi\\OneDrive\\Desktop\\Projects\\Acharya\\one\\node_modules\\mongoose\\lib\\connection.js:1165:11)\n    at NativeConnection.openUri (C:\\Users\\saipi\\OneDrive\\Desktop\\Projects\\Acharya\\one\\node_modules\\mongoose\\lib\\connection.js:1096:11)","timestamp":"2025-08-01T06:32:25.413Z"}
{"level":"info","message":"Connected to MongoDB Atlas","timestamp":"2025-08-01T06:34:58.220Z"}
{"level":"info","message":"Server running on port 3000","timestamp":"2025-08-01T06:34:58.950Z"}
{"level":"info","message":"User sai logged in successfully","timestamp":"2025-08-01T06:35:13.594Z"}
{"level":"error","message":"Error in /api/clients:","timestamp":"2025-08-01T06:35:53.244Z"}
{"level":"info","message":"Client Alter office added by sai","timestamp":"2025-08-01T06:35:58.554Z"}
{"level":"info","message":"Client Alter office added by sai","timestamp":"2025-08-01T06:35:59.566Z"}
{"level":"info","message":"Client Alter office added by sai","timestamp":"2025-08-01T06:36:03.975Z"}
{"level":"info","message":"Client Alter office added by sai","timestamp":"2025-08-01T06:36:03.995Z"}
{"level":"error","message":"Error in /api/clients (POST):","timestamp":"2025-08-01T06:36:04.025Z"}
{"level":"info","message":"Client Alter office added by sai","timestamp":"2025-08-01T06:36:05.832Z"}
{"level":"info","message":"Client Alter office added by sai","timestamp":"2025-08-01T06:36:10.328Z"}
{"level":"info","message":"User rao logged in successfully","timestamp":"2025-08-01T06:36:26.188Z"}
{"level":"error","message":"Error in /api/login:","timestamp":"2025-08-01T06:36:51.982Z"}
{"level":"error","message":"Error in /api/applications:","timestamp":"2025-08-01T06:37:00.708Z"}
{"level":"warn","message":"Login failed: Invalid password for username venkat","timestamp":"2025-08-01T06:37:13.680Z"}
{"level":"warn","message":"Login failed: Invalid password for username venkat","timestamp":"2025-08-01T06:37:16.594Z"}
{"level":"warn","message":"Login failed: Invalid password for username venkat","timestamp":"2025-08-01T06:37:17.353Z"}
{"level":"warn","message":"Login failed: Invalid password for username venkat","timestamp":"2025-08-01T06:37:20.746Z"}
{"level":"warn","message":"Registration failed: Username venky already exists","timestamp":"2025-08-01T06:37:45.537Z"}
{"level":"info","message":"User venky logged in successfully","timestamp":"2025-08-01T06:37:53.321Z"}
{"level":"info","message":"User venky logged in successfully","timestamp":"2025-08-01T06:37:58.773Z"}
{"level":"info","message":"User venky logged in successfully","timestamp":"2025-08-01T06:38:00.295Z"}
{"level":"info","message":"User venky logged in successfully","timestamp":"2025-08-01T06:38:02.127Z"}
{"level":"info","message":"User venky logged in successfully","timestamp":"2025-08-01T06:38:14.962Z"}
{"level":"info","message":"User sai logged in successfully","timestamp":"2025-08-01T07:03:17.678Z"}
{"level":"info","message":"User rao logged in successfully","timestamp":"2025-08-01T07:03:35.050Z"}
{"level":"info","message":"Connected to MongoDB Atlas","timestamp":"2025-08-06T05:52:28.803Z"}
{"level":"info","message":"Server running on port 3000","timestamp":"2025-08-06T05:52:32.794Z"}
{"level":"info","message":"User venky logged in successfully","timestamp":"2025-08-06T06:00:08.958Z"}
{"level":"info","message":"User rao logged in successfully","timestamp":"2025-08-06T06:04:53.912Z"}
{"level":"info","message":"User rajesh logged in successfully","timestamp":"2025-08-06T06:05:58.720Z"}
{"level":"info","message":"User venky logged in successfully","timestamp":"2025-08-06T06:06:10.567Z"}
{"level":"warn","message":"Login failed: Invalid password for username venkat","timestamp":"2025-08-06T06:06:18.227Z"}
{"level":"warn","message":"Registration failed: Username venky already exists","timestamp":"2025-08-06T06:06:30.517Z"}
{"level":"warn","message":"Registration failed: Username venkat already exists","timestamp":"2025-08-06T06:06:37.225Z"}
{"level":"info","message":"User venkatesh registered successfully as Admin","timestamp":"2025-08-06T06:06:45.836Z"}
{"level":"info","message":"User venkatesh logged in successfully","timestamp":"2025-08-06T06:06:59.846Z"}
2025-08-07 00:06:15,564 INFO Connected to MongoDB successfully
2025-08-07 00:06:15,834 INFO Database initialization completed
2025-08-07 00:06:48,486 INFO Database connection closed
2025-08-07 00:06:56,081 INFO Connected to MongoDB successfully
2025-08-07 00:06:56,714 INFO Database initialization completed
2025-08-07 00:07:39,706 INFO User venky logged in successfully
2025-08-07 00:07:41,453 ERROR Unhandled exception: [TypeError("'ObjectId' object is not iterable"), TypeError('vars() argument must have __dict__ attribute')]
2025-08-07 00:07:41,610 ERROR Unhandled exception: [TypeError("'ObjectId' object is not iterable"), TypeError('vars() argument must have __dict__ attribute')]
2025-08-07 00:08:01,726 INFO User venky logged in successfully
2025-08-07 00:08:03,441 ERROR Unhandled exception: [TypeError("'ObjectId' object is not iterable"), TypeError('vars() argument must have __dict__ attribute')]
2025-08-07 00:08:04,241 ERROR Unhandled exception: [TypeError("'ObjectId' object is not iterable"), TypeError('vars() argument must have __dict__ attribute')]
2025-08-07 00:09:37,041 INFO Database connection closed
2025-08-07 00:09:42,813 INFO Connected to MongoDB successfully
2025-08-07 00:09:43,097 INFO Database initialization completed
2025-08-07 00:09:46,786 INFO Connected to MongoDB successfully
2025-08-07 00:09:47,087 INFO Database initialization completed
2025-08-07 00:10:02,134 INFO User venky logged in successfully
2025-08-07 00:10:02,353 INFO Database connection closed
2025-08-07 00:10:05,633 INFO Connected to MongoDB successfully
2025-08-07 00:10:06,097 INFO Database initialization completed
2025-08-07 00:10:15,758 INFO Connected to MongoDB successfully
2025-08-07 00:10:15,990 INFO Database initialization completed
2025-08-07 00:10:59,018 INFO Database connection closed
2025-08-07 00:11:01,740 INFO Connected to MongoDB successfully
2025-08-07 00:11:02,046 INFO Database initialization completed
2025-08-07 00:11:18,615 INFO User sai logged in successfully
2025-08-07 00:12:33,490 INFO User candidate1 logged in successfully
2025-08-07 00:14:59,534 INFO User venky logged in successfully
2025-08-07 00:15:07,209 INFO Database connection closed
2025-08-07 00:15:10,569 INFO Connected to MongoDB successfully
2025-08-07 00:15:10,775 INFO Database initialization completed
2025-08-07 01:15:34,349 INFO User venky logged in successfully
2025-08-07 02:25:49,952 INFO Database connection closed
2025-08-07 02:26:00,349 INFO Connected to MongoDB successfully
2025-08-07 02:26:00,703 INFO Database initialization completed
2025-08-07 02:26:09,707 INFO User venky logged in successfully
2025-08-07 02:35:55,498 INFO Database connection closed
2025-08-07 02:36:01,483 INFO Connected to MongoDB successfully
2025-08-07 02:36:01,786 INFO Database initialization completed
2025-08-07 02:36:24,246 INFO Database connection closed
2025-08-07 02:36:29,127 INFO Connected to MongoDB successfully
2025-08-07 02:36:29,433 INFO Database initialization completed
2025-08-07 02:37:49,926 INFO Connected to MongoDB successfully
2025-08-07 02:37:50,228 INFO Database initialization completed
2025-08-07 02:38:15,726 INFO User venky logged in successfully
2025-08-07 02:39:57,613 INFO Connected to MongoDB successfully
2025-08-07 02:39:57,921 INFO Database initialization completed
2025-08-07 02:40:43,439 WARNING Login failed: Invalid password for user venky
2025-08-07 02:40:52,594 WARNING Login failed: Invalid password for user venky
2025-08-07 02:41:00,487 INFO User admin logged in successfully
2025-08-07 02:42:03,577 WARNING Login failed: Invalid password for user venky
2025-08-07 02:42:43,828 INFO User candidate1 logged in successfully
2025-08-07 02:43:52,244 INFO User venky logged in successfully
2025-08-07 02:44:14,255 INFO Database connection closed
2025-08-07 02:44:23,552 INFO Connected to MongoDB successfully
2025-08-07 02:44:23,891 INFO Database initialization completed
2025-08-07 02:44:32,169 INFO User venky logged in successfully
2025-08-07 02:46:22,535 INFO User venky logged in successfully
2025-08-07 03:17:23,263 INFO Database connection closed
2025-08-07 03:17:28,334 INFO Connected to MongoDB successfully
2025-08-07 03:17:28,357 INFO Connected to MongoDB successfully
2025-08-07 03:17:28,410 INFO Database initialization completed
2025-08-07 03:17:28,431 INFO Database initialization completed
2025-08-07 03:19:52,071 INFO Database connection closed
2025-08-07 03:19:59,953 INFO Connected to MongoDB successfully
2025-08-07 03:20:00,069 INFO Database initialization completed
2025-08-07 03:20:39,809 ERROR Error in AI analysis: 400 API Key not found. Please pass a valid API key. [reason: "API_KEY_INVALID"
domain: "googleapis.com"
metadata {
  key: "service"
  value: "generativelanguage.googleapis.com"
}
, locale: "en-US"
message: "API Key not found. Please pass a valid API key."
]
2025-08-07 03:20:39,914 INFO Resume analyzed by venky for role: python developer
2025-08-07 03:24:20,193 ERROR Error in AI analysis: 400 API Key not found. Please pass a valid API key. [reason: "API_KEY_INVALID"
domain: "googleapis.com"
metadata {
  key: "service"
  value: "generativelanguage.googleapis.com"
}
, locale: "en-US"
message: "API Key not found. Please pass a valid API key."
]
2025-08-07 03:24:20,324 INFO Resume analyzed by venky for role: python developer
2025-08-07 03:27:24,986 INFO Database connection closed
2025-08-07 03:27:32,466 INFO Connected to MongoDB successfully
2025-08-07 03:27:32,540 INFO Database initialization completed
2025-08-07 03:28:52,937 INFO Database connection closed
2025-08-07 03:28:56,770 INFO Connected to MongoDB successfully
2025-08-07 03:28:56,847 INFO Database initialization completed
2025-08-07 03:29:10,571 ERROR Error in AI resource recommendations: 400 API Key not found. Please pass a valid API key. [reason: "API_KEY_INVALID"
domain: "googleapis.com"
metadata {
  key: "service"
  value: "generativelanguage.googleapis.com"
}
, locale: "en-US"
message: "API Key not found. Please pass a valid API key."
]
2025-08-07 03:29:10,618 INFO Resource recommendations generated for venky for query: java
2025-08-07 03:29:24,939 ERROR Error in AI resource recommendations: 400 API Key not found. Please pass a valid API key. [reason: "API_KEY_INVALID"
domain: "googleapis.com"
metadata {
  key: "service"
  value: "generativelanguage.googleapis.com"
}
, locale: "en-US"
message: "API Key not found. Please pass a valid API key."
]
2025-08-07 03:29:24,973 INFO Resource recommendations generated for venky for query: apache
2025-08-07 03:29:44,011 ERROR Error in AI resource recommendations: 400 API Key not found. Please pass a valid API key. [reason: "API_KEY_INVALID"
domain: "googleapis.com"
metadata {
  key: "service"
  value: "generativelanguage.googleapis.com"
}
, locale: "en-US"
message: "API Key not found. Please pass a valid API key."
]
2025-08-07 03:29:44,042 INFO Resource recommendations generated for venky for query: pythomm
2025-08-07 03:29:53,039 ERROR Error in AI resource recommendations: 400 API Key not found. Please pass a valid API key. [reason: "API_KEY_INVALID"
domain: "googleapis.com"
metadata {
  key: "service"
  value: "generativelanguage.googleapis.com"
}
, locale: "en-US"
message: "API Key not found. Please pass a valid API key."
]
2025-08-07 03:29:53,071 INFO Resource recommendations generated for venky for query: python
2025-08-07 03:30:03,559 ERROR Error in AI resource recommendations: 400 API Key not found. Please pass a valid API key. [reason: "API_KEY_INVALID"
domain: "googleapis.com"
metadata {
  key: "service"
  value: "generativelanguage.googleapis.com"
}
, locale: "en-US"
message: "API Key not found. Please pass a valid API key."
]
2025-08-07 03:30:03,590 INFO Resource recommendations generated for venky for query: javascript
2025-08-07 03:32:45,523 INFO Connected to MongoDB successfully
2025-08-07 03:32:45,611 INFO Database initialization completed
2025-08-07 03:33:46,527 INFO Database connection closed
2025-08-07 03:33:54,685 INFO Connected to MongoDB successfully
2025-08-07 03:33:54,765 INFO Database initialization completed
2025-08-07 03:33:56,638 INFO Database connection closed
2025-08-07 03:33:58,898 INFO Connected to MongoDB successfully
2025-08-07 03:33:58,971 INFO Database initialization completed
2025-08-07 03:34:00,773 INFO Connected to MongoDB successfully
2025-08-07 03:34:00,864 INFO Database initialization completed
2025-08-07 03:35:13,964 INFO Database connection closed
2025-08-07 03:35:18,156 INFO Connected to MongoDB successfully
2025-08-07 03:35:18,231 INFO Database initialization completed
2025-08-07 03:35:51,954 INFO Database connection closed
2025-08-07 03:35:55,601 INFO Connected to MongoDB successfully
2025-08-07 03:35:55,676 INFO Database initialization completed
2025-08-07 03:36:16,383 INFO Resource recommendations generated for venky for query: javascript
2025-08-07 03:37:00,912 INFO Database connection closed
2025-08-07 03:37:15,157 INFO Connected to MongoDB successfully
2025-08-07 03:37:15,229 INFO Database initialization completed
2025-08-07 03:47:17,098 INFO User venky logged in successfully
2025-08-07 03:48:21,759 INFO Connected to MongoDB successfully
2025-08-07 03:48:21,883 INFO Database initialization completed
2025-08-07 03:58:36,530 INFO Database connection closed
2025-08-07 04:00:33,367 INFO Connected to MongoDB successfully
2025-08-07 04:00:33,449 INFO Database initialization completed
2025-08-07 04:00:54,697 INFO Database connection closed
2025-08-07 04:01:45,794 INFO Connected to MongoDB successfully
2025-08-07 04:01:45,880 INFO Database initialization completed
2025-08-07 04:02:30,874 INFO Database connection closed
2025-08-07 04:02:41,160 INFO Connected to MongoDB successfully
2025-08-07 04:02:41,233 INFO Database initialization completed
2025-08-07 04:12:51,515 INFO Database connection closed
2025-08-07 04:13:05,368 INFO Connected to MongoDB successfully
2025-08-07 04:13:05,441 INFO Database initialization completed
2025-08-07 04:13:11,000 INFO Database connection closed
2025-08-07 04:13:20,190 INFO Connected to MongoDB successfully
2025-08-07 04:13:20,262 INFO Database initialization completed
2025-08-07 04:15:01,499 INFO Database connection closed
2025-08-07 04:15:16,975 INFO Connected to MongoDB successfully
2025-08-07 04:15:17,048 INFO Database initialization completed
2025-08-07 04:51:55,685 INFO Database connection closed
2025-08-07 04:52:02,334 INFO Connected to MongoDB successfully
2025-08-07 04:52:02,415 INFO Database initialization completed
2025-08-07 04:53:02,000 INFO Database connection closed
2025-08-07 05:12:26,286 INFO Connected to MongoDB successfully
2025-08-07 05:12:26,360 INFO Database initialization completed
2025-08-07 05:13:22,475 INFO User venky logged in successfully
2025-08-07 05:26:30,321 INFO User rao logged in successfully
2025-08-07 05:38:10,838 INFO Database connection closed
2025-08-07 05:38:17,009 INFO Connected to MongoDB successfully
2025-08-07 05:38:17,080 INFO Database initialization completed
2025-08-07 05:38:33,476 INFO User rao logged in successfully
2025-08-07 05:40:55,200 INFO User rao logged in successfully
2025-08-07 05:45:48,894 INFO User rao logged in successfully
2025-08-07 05:46:32,410 INFO User rao logged in successfully
2025-08-07 05:58:18,204 INFO User venky logged in successfully
2025-08-07 06:09:47,933 INFO Database connection closed
2025-08-07 06:09:53,949 INFO Connected to MongoDB successfully
2025-08-07 06:09:54,084 INFO Database initialization completed
2025-08-07 06:10:04,210 INFO Database connection closed
2025-08-07 06:10:12,323 INFO Connected to MongoDB successfully
2025-08-07 06:10:12,405 INFO Database initialization completed
2025-08-07 06:16:25,120 INFO User rao logged in successfully
2025-08-07 06:17:08,603 INFO Job swe-1 posted by rao
2025-08-07 06:17:33,677 INFO User venky logged in successfully
2025-08-07 06:18:09,836 INFO Application submitted by venky for swe-1
2025-08-07 06:30:25,450 INFO Database connection closed
2025-08-07 06:30:30,940 INFO Connected to MongoDB successfully
2025-08-07 06:30:31,013 INFO Database initialization completed
2025-08-07 06:31:59,301 INFO Application submitted by venky for swe-1
2025-08-07 06:33:20,962 INFO User rao logged in successfully
2025-08-07 06:36:18,897 ERROR Error downloading file: 
2025-08-07 06:36:24,564 ERROR Error downloading file: 
2025-08-07 06:47:55,237 INFO Database connection closed
2025-08-07 06:47:59,377 INFO Connected to MongoDB successfully
2025-08-07 06:47:59,451 INFO Database initialization completed
2025-08-07 06:48:01,781 ERROR Error downloading file: 
2025-08-07 06:52:18,283 INFO User rao logged in successfully
2025-08-07 06:54:52,261 INFO Database connection closed
2025-08-07 06:54:55,425 INFO Connected to MongoDB successfully
2025-08-07 06:54:55,497 INFO Database initialization completed
2025-08-07 06:55:23,443 INFO User venky logged in successfully
2025-08-07 06:55:38,700 INFO Application submitted by venky for Data Analyst
2025-08-07 06:55:54,283 INFO User rao logged in successfully
2025-08-07 06:58:34,758 INFO Database connection closed
2025-08-07 06:58:38,281 INFO Connected to MongoDB successfully
2025-08-07 06:58:38,358 INFO Database initialization completed
2025-08-07 06:58:46,297 INFO Application screened by rao for venky - Score: 3/5
2025-08-07 07:02:50,485 INFO Database connection closed
2025-08-07 07:02:56,356 INFO Connected to MongoDB successfully
2025-08-07 07:02:56,442 INFO Database initialization completed
2025-08-07 07:02:59,224 INFO Application screened by rao for venky - Score: 3/5
2025-08-07 07:05:13,506 INFO Application screened by rao for venky - Score: 5/5
2025-08-07 07:05:23,444 INFO Application screened by rao for venky - Score: 3/5
2025-08-07 07:07:53,787 INFO Database connection closed
2025-08-07 07:07:59,438 INFO Connected to MongoDB successfully
2025-08-07 07:07:59,510 INFO Database initialization completed
2025-08-07 07:08:23,920 INFO Application screened by rao for venky - Score: 3/5
2025-08-07 07:08:34,842 INFO Application screened by rao for venky - Score: 5/5
2025-08-07 07:11:21,975 INFO Application screened by rao for venky - Score: 3/5
2025-08-07 07:11:28,331 INFO Application screened by rao for venky - Score: 4/5
2025-08-07 07:12:06,177 INFO Database connection closed
2025-08-07 07:12:14,988 INFO Connected to MongoDB successfully
2025-08-07 07:12:15,059 INFO Database initialization completed
2025-08-07 07:12:24,810 INFO Application screened by rao for venky - Score: 3/5
2025-08-07 07:13:53,178 INFO Application screened by rao for venky - Score: 4/5
2025-08-07 07:15:40,261 INFO Application screened by rao for venky - Score: 3/5
2025-08-07 07:15:47,481 INFO Application screened by rao for venky - Score: 4/5
2025-08-07 07:17:50,451 INFO Application screened by rao for venky - Score: 4/5
2025-08-07 07:18:02,906 INFO Application screened by rao for venky - Score: 5/5
2025-08-07 07:18:12,933 INFO Application screened by rao for venky - Score: 3/5
2025-08-07 07:20:28,405 INFO Database connection closed
2025-08-07 07:20:34,452 INFO Connected to MongoDB successfully
2025-08-07 07:20:34,530 INFO Database initialization completed
2025-08-07 07:20:43,510 INFO Application screened by rao for venky - Score: 3/5
2025-08-07 07:20:43,524 INFO Updating application 689400925f06d25815a4cff2 with data: {'status': 'REJECTED', 'feedback': "Grade: 3/5 - The candidate possesses a strong technical background with relevant programming languages and tools commonly used in data analysis, such as Python and database technologies. Their experience demonstrates a capability to build and maintain applications, which involves data manipulation and problem-solving skills applicable to data analysis roles. The educational background is appropriate, and the project portfolio showcases hands-on experience with data-related tasks, such as API integration and application development. However, the resume primarily emphasizes software engineering skills, lacking explicit experience in statistical analysis, data visualization (e.g., Tableau, Power BI), or specific data analysis techniques. While the candidate's skills are transferable, a direct focus on data analysis methodologies is absent. The applicant demonstrates skills related to data management, the role requires someone with demonstrated experience with data-specific analyses and insights."}
2025-08-07 07:20:43,555 INFO Application updated successfully: {'_id': ObjectId('689400925f06d25815a4cff2'), 'candidate': 'venky', 'job': 'Data Analyst', 'resume_file': 'Tummala_Mohan_Aditya_Resume.pdf (2).pdf', 'resume_path': 'uploads\\b1d84817-672b-4d3b-a788-7bb69912979e_Tummala_Mohan_Aditya_Resume.pdf (2).pdf', 'status': 'REJECTED', 'timestamp': datetime.datetime(2025, 8, 7, 1, 25, 38, 647000), 'feedback': "Grade: 3/5 - The candidate possesses a strong technical background with relevant programming languages and tools commonly used in data analysis, such as Python and database technologies. Their experience demonstrates a capability to build and maintain applications, which involves data manipulation and problem-solving skills applicable to data analysis roles. The educational background is appropriate, and the project portfolio showcases hands-on experience with data-related tasks, such as API integration and application development. However, the resume primarily emphasizes software engineering skills, lacking explicit experience in statistical analysis, data visualization (e.g., Tableau, Power BI), or specific data analysis techniques. While the candidate's skills are transferable, a direct focus on data analysis methodologies is absent. The applicant demonstrates skills related to data management, the role requires someone with demonstrated experience with data-specific analyses and insights."}
2025-08-07 07:20:54,447 INFO Application screened by rao for venky - Score: 4/5
2025-08-07 07:20:54,458 INFO Updating application 67de601a7d890d6f30e433c1 with data: {'status': 'ACCEPTED', 'feedback': "Grade: 4/5 - This candidate presents a strong profile as a software engineer. Their technical skills align well with modern web development practices, demonstrating proficiency in both frontend and backend technologies. The experience section showcases practical application of these skills in professional settings, including team leadership and process improvement. The educational background is relevant, and the projects listed further illustrate the candidate's ability to build full-stack applications. The presence of certifications enhances their credibility. However, without the specific job description, it is difficult to ascertain a perfect match, leaving room for potential gaps. The candidate's cloud experience, while mentioned, could be more explicitly detailed in project descriptions or experience bullet points. Also, the role of the job requires SDG-3 domain expertise but this candidate has no expertise in that area."}
2025-08-07 07:20:54,485 INFO Application updated successfully: {'_id': ObjectId('67de601a7d890d6f30e433c1'), 'candidate': 'venky', 'job': 'SDG-3 - IBM,Hyderabad', 'resume': 'i am a rockstar', 'status': 'ACCEPTED', '__v': 0, 'feedback': "Grade: 4/5 - This candidate presents a strong profile as a software engineer. Their technical skills align well with modern web development practices, demonstrating proficiency in both frontend and backend technologies. The experience section showcases practical application of these skills in professional settings, including team leadership and process improvement. The educational background is relevant, and the projects listed further illustrate the candidate's ability to build full-stack applications. The presence of certifications enhances their credibility. However, without the specific job description, it is difficult to ascertain a perfect match, leaving room for potential gaps. The candidate's cloud experience, while mentioned, could be more explicitly detailed in project descriptions or experience bullet points. Also, the role of the job requires SDG-3 domain expertise but this candidate has no expertise in that area."}
2025-08-07 07:21:47,779 INFO Application screened by rao for venky - Score: 4/5
2025-08-07 07:21:47,785 INFO Updating application 67de67837d890d6f30e433fe with data: {'status': 'ACCEPTED', 'feedback': "Grade: 4/5 - This applicant demonstrates a strong foundation in full-stack development with relevant experience in technologies commonly used in modern web application development. The candidate possesses a solid skill set including JavaScript, React, Node.js, and Python, along with experience in database technologies, cloud platforms, and related tools. Their experience includes developing and maintaining web applications, leading teams, and implementing CI/CD pipelines. The educational background aligns with the role, and the project portfolio showcases hands-on experience with relevant technologies. The certifications further validate their expertise in specific areas. However, the lack of a detailed job description makes it challenging to assess the candidate's suitability against specific requirements. While the skills are strong, determining if they perfectly align with the SDG-4 IBM, Kolkata position is difficult without knowing the specific technologies and responsibilities involved."}
2025-08-07 07:21:47,811 INFO Application updated successfully: {'_id': ObjectId('67de67837d890d6f30e433fe'), 'candidate': 'venky', 'job': 'SDG-4 IBM,Kolkata', 'resume': 'hi', 'status': 'ACCEPTED', '__v': 0, 'feedback': "Grade: 4/5 - This applicant demonstrates a strong foundation in full-stack development with relevant experience in technologies commonly used in modern web application development. The candidate possesses a solid skill set including JavaScript, React, Node.js, and Python, along with experience in database technologies, cloud platforms, and related tools. Their experience includes developing and maintaining web applications, leading teams, and implementing CI/CD pipelines. The educational background aligns with the role, and the project portfolio showcases hands-on experience with relevant technologies. The certifications further validate their expertise in specific areas. However, the lack of a detailed job description makes it challenging to assess the candidate's suitability against specific requirements. While the skills are strong, determining if they perfectly align with the SDG-4 IBM, Kolkata position is difficult without knowing the specific technologies and responsibilities involved."}
2025-08-07 07:21:47,990 INFO Database connection closed
2025-08-07 07:21:53,476 INFO Connected to MongoDB successfully
2025-08-07 07:21:53,547 INFO Database initialization completed
2025-08-07 07:24:07,408 INFO Application screened by rao for venky - Score: 4.7/5
2025-08-07 07:24:07,415 INFO Updating application 67de67837d890d6f30e433fe with data: {'status': 'ACCEPTED', 'feedback': "Grade: 4.7/5 - This applicant demonstrates a strong alignment with a software engineering role, exhibiting proficiency in a range of relevant technologies including JavaScript, React, Node.js, and Python. The individual's experience includes full-stack development and team leadership, as well as proven abilities in delivering scalable web applications and improving code quality. The candidate's educational background is solid, evidenced by a computer science degree and a high GPA. Project work further underscores the individual's hands-on experience with full-stack applications and real-time technologies. Certifications add validation to this individual's skill set and commitment to professional development. A strong performance in technical areas and practical application suggests a solid fit. "}
2025-08-07 07:24:07,444 INFO Application updated successfully: {'_id': ObjectId('67de67837d890d6f30e433fe'), 'candidate': 'venky', 'job': 'SDG-4 IBM,Kolkata', 'resume': 'hi', 'status': 'ACCEPTED', '__v': 0, 'feedback': "Grade: 4.7/5 - This applicant demonstrates a strong alignment with a software engineering role, exhibiting proficiency in a range of relevant technologies including JavaScript, React, Node.js, and Python. The individual's experience includes full-stack development and team leadership, as well as proven abilities in delivering scalable web applications and improving code quality. The candidate's educational background is solid, evidenced by a computer science degree and a high GPA. Project work further underscores the individual's hands-on experience with full-stack applications and real-time technologies. Certifications add validation to this individual's skill set and commitment to professional development. A strong performance in technical areas and practical application suggests a solid fit. "}
2025-08-07 07:24:12,623 INFO Database connection closed
2025-08-07 07:24:18,575 INFO Connected to MongoDB successfully
2025-08-07 07:24:18,646 INFO Database initialization completed
2025-08-07 07:27:46,747 INFO Database connection closed
2025-08-07 07:27:50,585 INFO Connected to MongoDB successfully
2025-08-07 07:27:50,665 INFO Database initialization completed
2025-08-07 07:28:25,809 INFO User sai logged in successfully
2025-08-07 07:31:48,109 INFO User venky logged in successfully
2025-08-07 07:44:10,916 INFO User rao logged in successfully
2025-08-07 07:44:23,892 INFO User sai logged in successfully
2025-08-07 07:45:20,399 INFO Database connection closed
2025-08-07 07:45:26,633 INFO Connected to MongoDB successfully
2025-08-07 07:45:26,707 INFO Database initialization completed
2025-08-07 07:50:02,158 INFO Database connection closed
2025-08-07 07:50:09,343 INFO Connected to MongoDB successfully
2025-08-07 07:50:09,417 INFO Database initialization completed
2025-08-07 08:09:06,879 INFO User venky logged in successfully
2025-08-07 08:24:52,037 INFO User sai logged in successfully
2025-08-07 08:27:49,223 INFO User venky logged in successfully
2025-08-07 08:30:17,311 INFO User rao logged in successfully
2025-08-07 08:31:06,567 INFO User venky logged in successfully
2025-08-07 09:00:44,591 INFO Database connection closed
2025-08-07 09:00:49,256 INFO Connected to MongoDB successfully
2025-08-07 09:00:49,329 INFO Database initialization completed
2025-08-07 09:00:56,288 INFO User rao logged in successfully
2025-08-07 09:09:40,561 INFO Database connection closed
2025-08-07 09:10:16,047 INFO Connected to MongoDB successfully
2025-08-07 09:10:16,121 INFO Database initialization completed
2025-08-07 09:11:53,335 INFO User venky logged in successfully
2025-08-07 09:11:58,021 ERROR Unhandled exception: [TypeError("'ObjectId' object is not iterable"), TypeError('vars() argument must have __dict__ attribute')]
2025-08-07 09:12:05,556 ERROR Unhandled exception: [TypeError("'ObjectId' object is not iterable"), TypeError('vars() argument must have __dict__ attribute')]
2025-08-07 09:13:39,538 ERROR Unhandled exception: [TypeError("'ObjectId' object is not iterable"), TypeError('vars() argument must have __dict__ attribute')]
2025-08-07 09:13:39,648 INFO Database connection closed
2025-08-07 09:13:45,018 INFO Connected to MongoDB successfully
2025-08-07 09:13:45,095 INFO Database initialization completed
2025-08-07 09:15:02,562 INFO Connected to MongoDB successfully
2025-08-07 09:15:02,636 INFO Database initialization completed
2025-08-07 09:15:12,669 ERROR Error fetching company test details: name 'ObjectId' is not defined
2025-08-07 09:15:14,034 ERROR Error submitting company test: name 'ObjectId' is not defined
2025-08-07 09:15:34,900 ERROR Error fetching company test details: name 'ObjectId' is not defined
2025-08-07 09:20:37,541 INFO Connected to MongoDB successfully
2025-08-07 09:20:37,614 INFO Database initialization completed
2025-08-07 09:20:45,834 INFO Database connection closed
2025-08-07 09:20:49,083 INFO Connected to MongoDB successfully
2025-08-07 09:20:49,164 INFO Database initialization completed
2025-08-07 09:20:54,486 INFO Fetching company test details for test_id: 6894207276bc26eb2cecc4c3, user: venky
2025-08-07 09:20:54,487 ERROR Invalid ObjectId format: 6894207276bc26eb2cecc4c3, error: name 'ObjectId' is not defined
2025-08-07 09:21:09,374 INFO Fetching company test details for test_id: 6894207276bc26eb2cecc4c3, user: venky
2025-08-07 09:21:09,375 ERROR Invalid ObjectId format: 6894207276bc26eb2cecc4c3, error: name 'ObjectId' is not defined
2025-08-07 09:25:10,849 INFO Connected to MongoDB successfully
2025-08-07 09:25:10,925 INFO Database initialization completed
2025-08-07 09:25:21,597 INFO Fetching company test details for test_id: '6894207276bc26eb2cecc4c3', user: venky
2025-08-07 09:25:21,598 INFO Test ID type: <class 'str'>, length: 24
2025-08-07 09:25:21,598 ERROR Invalid ObjectId format: '6894207276bc26eb2cecc4c3', error: name 'ObjectId' is not defined
2025-08-07 09:25:21,598 ERROR ObjectId should be 24 characters, got: 24
2025-08-07 09:40:37,992 INFO Fetching company test details for test_id: '6894207276bc26eb2cecc4c3', user: venky
2025-08-07 09:40:38,001 INFO Test ID type: <class 'str'>, length: 24
2025-08-07 09:40:38,002 ERROR Invalid ObjectId format: '6894207276bc26eb2cecc4c3', error: name 'ObjectId' is not defined
2025-08-07 09:40:38,002 ERROR ObjectId should be 24 characters, got: 24
2025-08-07 09:48:47,807 INFO Database connection closed
2025-08-07 09:48:55,028 INFO Connected to MongoDB successfully
2025-08-07 09:48:55,117 INFO Database initialization completed
2025-08-07 09:58:00,996 INFO Database connection closed
2025-08-07 09:58:06,991 INFO Connected to MongoDB successfully
2025-08-07 09:58:07,080 INFO Database initialization completed
2025-08-07 09:58:16,486 INFO Database connection closed
2025-08-07 09:58:21,173 INFO Connected to MongoDB successfully
2025-08-07 09:58:21,265 INFO Database initialization completed
2025-08-07 09:58:50,299 INFO Database connection closed
2025-08-07 09:59:00,399 INFO Connected to MongoDB successfully
2025-08-07 09:59:00,477 INFO Database initialization completed
2025-08-07 09:59:21,833 INFO Database connection closed
2025-08-07 09:59:25,718 INFO Connected to MongoDB successfully
2025-08-07 09:59:25,805 INFO Database initialization completed
2025-08-07 10:00:28,981 INFO Database connection closed
2025-08-07 10:00:34,351 INFO Connected to MongoDB successfully
2025-08-07 10:00:34,431 INFO Database initialization completed
2025-08-07 10:01:07,270 INFO Fetching company test details for test_id: '6894207276bc26eb2cecc4c3', user: venky
2025-08-07 10:01:07,270 INFO Test ID type: <class 'str'>, length: 24
2025-08-07 10:01:07,271 INFO Successfully converted to ObjectId: 6894207276bc26eb2cecc4c3
2025-08-07 10:01:07,307 INFO Successfully fetched company test details for test_id: 6894207276bc26eb2cecc4c3
2025-08-07 10:01:40,056 INFO User rao logged in successfully
2025-08-07 10:03:57,823 INFO User venky logged in successfully
2025-08-07 10:04:57,042 INFO Resume analyzed by venky for role: python developer
2025-08-07 10:16:35,022 INFO User venky logged in successfully
2025-08-07 10:39:18,347 INFO User venky logged in successfully
2025-08-07 10:45:41,477 INFO Database connection closed
